Tue Feb 09 2021 12:01:42 GMT-0500 (Eastern Standard Time): The website is running at http://localhost:3000
Tue Feb 09 2021 12:01:42 GMT-0500 (Eastern Standard Time): Tedious-Connection-Pool: filling pool with 2
Tue Feb 09 2021 12:01:42 GMT-0500 (Eastern Standard Time): Tedious-Connection-Pool: creating connection: 1
Tue Feb 09 2021 12:01:42 GMT-0500 (Eastern Standard Time): Tedious-Connection-Pool: creating connection: 2
Tue Feb 09 2021 12:01:43 GMT-0500 (Eastern Standard Time): Tedious-Connection-Pool: connection connected: 1
Tue Feb 09 2021 12:01:43 GMT-0500 (Eastern Standard Time): Tedious-Connection-Pool: connection connected: 2
Tue Feb 09 2021 12:02:54 GMT-0500 (Eastern Standard Time): Tedious-Connection-Pool: acquired connection 1
Tue Feb 09 2021 12:02:54 GMT-0500 (Eastern Standard Time): Patient ID: 1234
Tue Feb 09 2021 12:02:54 GMT-0500 (Eastern Standard Time): RequestError: Could not find stored procedure 'do_native_predict'.
Tue Feb 09 2021 12:02:54 GMT-0500 (Eastern Standard Time): Tedious-Connection-Pool: connection reset: 1
Tue Feb 09 2021 12:06:43 GMT-0500 (Eastern Standard Time): Tedious-Connection-Pool: closing idle connection: 2
Tue Feb 09 2021 12:06:43 GMT-0500 (Eastern Standard Time): Tedious-Connection-Pool: connection ended: 2
Tue Feb 09 2021 12:06:43 GMT-0500 (Eastern Standard Time): Tedious-Connection-Pool: filling pool with 1
Tue Feb 09 2021 12:06:43 GMT-0500 (Eastern Standard Time): Tedious-Connection-Pool: creating connection: 3
Tue Feb 09 2021 12:06:43 GMT-0500 (Eastern Standard Time): Tedious-Connection-Pool: connection connected: 3
Tue Feb 09 2021 12:07:54 GMT-0500 (Eastern Standard Time): Tedious-Connection-Pool: closing idle connection: 1
Tue Feb 09 2021 12:07:54 GMT-0500 (Eastern Standard Time): Tedious-Connection-Pool: connection ended: 1
Tue Feb 09 2021 12:07:54 GMT-0500 (Eastern Standard Time): Tedious-Connection-Pool: filling pool with 1
Tue Feb 09 2021 12:07:54 GMT-0500 (Eastern Standard Time): Tedious-Connection-Pool: creating connection: 4
Tue Feb 09 2021 12:07:54 GMT-0500 (Eastern Standard Time): Tedious-Connection-Pool: connection connected: 4
Tue Feb 09 2021 12:08:43 GMT-0500 (Eastern Standard Time): Tedious-Connection-Pool: acquired connection 3
Tue Feb 09 2021 12:09:18 GMT-0500 (Eastern Standard Time): Patient ID: 9999
Tue Feb 09 2021 12:09:18 GMT-0500 (Eastern Standard Time): RequestError: Invalid object name 'QueryPatient'.
Tue Feb 09 2021 12:09:18 GMT-0500 (Eastern Standard Time): Tedious-Connection-Pool: connection reset: 3
Tue Feb 09 2021 12:12:54 GMT-0500 (Eastern Standard Time): Tedious-Connection-Pool: closing idle connection: 4
Tue Feb 09 2021 12:12:54 GMT-0500 (Eastern Standard Time): Tedious-Connection-Pool: connection ended: 4
Tue Feb 09 2021 12:12:54 GMT-0500 (Eastern Standard Time): Tedious-Connection-Pool: filling pool with 1
Tue Feb 09 2021 12:12:54 GMT-0500 (Eastern Standard Time): Tedious-Connection-Pool: creating connection: 5
Tue Feb 09 2021 12:12:55 GMT-0500 (Eastern Standard Time): Tedious-Connection-Pool: connection connected: 5
Tue Feb 09 2021 12:13:24 GMT-0500 (Eastern Standard Time): Tedious-Connection-Pool: acquired connection 3
Tue Feb 09 2021 12:13:24 GMT-0500 (Eastern Standard Time): Patient ID: 1235
Tue Feb 09 2021 12:13:24 GMT-0500 (Eastern Standard Time): Prediction: 2.9478174206819525
Tue Feb 09 2021 12:13:24 GMT-0500 (Eastern Standard Time): Tedious-Connection-Pool: connection reset: 3
Tue Feb 09 2021 12:17:55 GMT-0500 (Eastern Standard Time): Tedious-Connection-Pool: closing idle connection: 5
Tue Feb 09 2021 12:17:55 GMT-0500 (Eastern Standard Time): Tedious-Connection-Pool: connection ended: 5
Tue Feb 09 2021 12:17:55 GMT-0500 (Eastern Standard Time): Tedious-Connection-Pool: filling pool with 1
Tue Feb 09 2021 12:17:55 GMT-0500 (Eastern Standard Time): Tedious-Connection-Pool: creating connection: 6
Tue Feb 09 2021 12:17:55 GMT-0500 (Eastern Standard Time): Tedious-Connection-Pool: connection connected: 6
Tue Feb 09 2021 12:18:24 GMT-0500 (Eastern Standard Time): Tedious-Connection-Pool: closing idle connection: 3
Tue Feb 09 2021 12:18:24 GMT-0500 (Eastern Standard Time): Tedious-Connection-Pool: connection ended: 3
Tue Feb 09 2021 12:18:24 GMT-0500 (Eastern Standard Time): Tedious-Connection-Pool: filling pool with 1
Tue Feb 09 2021 12:18:24 GMT-0500 (Eastern Standard Time): Tedious-Connection-Pool: creating connection: 7
Tue Feb 09 2021 12:18:25 GMT-0500 (Eastern Standard Time): Tedious-Connection-Pool: connection connected: 7
